[    0.000000] Linux version 4.15.0-44-gener (buildd@lcy01-amd64-010) (gcc version 7.3.0 (Ubuntu 7.3.0-16ubuntu3)) #47-Ubuntu SMP Mon Jan 14 11:26:59 UTC 2019 (Ubuntu 4.15.0-44.47-generic 4.15.18)
[    0.000000] Command line: BOOT_IMAGE=/boot/vmlinuz-4.15.0-44-generic root=UUID=af6a9a88-b4b3-447b-9e06-ddef1f1da281 ro console=tty1 console=ttyS0
[    0.000000] KERNEL supported cpus:
[    0.000000]   Intel GenuineIntel
[    0.000000]   AMD AuthenticAMD
[    0.000000]   Centaur CentaurHauls
[    0.000000] x86/fpu: Supporting XSAVE feature 0x001: 'x87 floating point registers'
[    0.000000] x86/fpu: Supporting XSAVE feature 0x002: 'SSE registers'
[    0.000000] x86/fpu: Supporting XSAVE feature 0x004: 'AVX registers'
[    0.000000] x86/fpu: xstate_offset[2]:  576, xstate_sizes[2]:  256
[    0.000000] x86/fpu: Enabled xstate features 0x7, context size is 832 bytes, using 'standard' format.
[    0.000000] e820: BIOS-provided physical RAM map:
[    0.000000] BIOS-e820: [mem 0x0000000000000000-0x000000000009fbff] usable
[    0.000000] BIOS-e820: [mem 0x000000000009fc00-0x000000000009ffff] reserved
[    0.000000] BIOS-e820: [mem 0x00000000000f0000-0x00000000000fffff] reserved
[    0.000000] BIOS-e820: [mem 0x0000000000100000-0x000000003ffeffff] usable
[    0.000000] BIOS-e820: [mem 0x000000003fff0000-0x000000003fffffff] ACPI data
[    0.000000] BIOS-e820: [mem 0x00000000fec00000-0x00000000fec00fff] reserved
[    0.000000] BIOS-e820: [mem 0x00000000fee00000-0x00000000fee00fff] reserved
[    0.000000] BIOS-e820: [mem 0x00000000fffc0000-0x00000000ffffffff] reserved
[    0.000000] NX (Execute Disable) protection: active
[    0.000000] SMBIOS 2.5 present.
[    0.000000] DMI: innotek GmbH VirtualBox/VirtualBox, BIOS VirtualBox 12/01/2006
[    0.000000] Hypervisor detected: KVM
[    0.000000] e820: last_pfn = 0x3fff0 max_arch_pfn = 0x400000000
[    0.000000] MTRR: Disabled
[    0.000000] x86/PAT: MTRRs disabled, skipping PAT initialization too.
[    0.000000] CPU MTRRs all blank - virtualized system.
[    0.000000] x86/PAT: Configuration [0-7]: WB  WT  UC- UC  WB  WT  UC- UC  
[    0.000000] found SMP MP-table at [mem 0x0009fff0-0x0009ffff] mapped at [        (ptrval)]
[    0.000000] Scanning 1 areas for low memory corruption
[    0.000000] RAMDISK: [mem 0x359d3000-0x36ce0fff]
[    0.000000] ACPI: Early table checksum verification disabled
[    0.000000] ACPI: RSDP 0x00000000000E0000 000024 (v02 VBOX  )
[    0.000000] ACPI: XSDT 0x000000003FFF0030 00003C (v01 VBOX   VBOXXSDT 00000001 ASL  00000061)
[    0.000000] ACPI: FACP 0x000000003FFF00F0 0000F4 (v04 VBOX   VBOXFACP 00000001 ASL  00000061)
[    0.000000] ACPI: DSDT 0x000000003FFF0470 0021FF (v02 VBOX   VBOXBIOS 00000002 INTL 20180105)
[    0.000000] ACPI: FACS 0x000000003FFF0200 000040
[    0.000000] ACPI: FACS 0x000000003FFF0200 000040
[    0.000000] ACPI: APIC 0x000000003FFF0240 00005C (v02 VBOX   VBOXAPIC 00000001 ASL  00000061)
[    0.000000] ACPI: SSDT 0x000000003FFF02A0 0001CC (v01 VBOX   VBOXCPUT 00000002 INTL 20180105)
[    0.000000] No NUMA configuration found
[    0.000000] Faking a node at [mem 0x0000000000000000-0x000000003ffeffff]
[    0.000000] NODE_DATA(0) allocated [mem 0x3ffc5000-0x3ffeffff]
[    0.000000] kvm-clock: cpu 0, msr 0:3ff44001, primary cpu clock
[    0.000000] kvm-clock: Using msrs 4b564d01 and 4b564d00
[    0.000000] kvm-clock: using sched offset of 3905325346 cycles
[    0.000000] clocksource: kvm-clock: mask: 0xffffffffffffffff max_cycles: 0x1cd42e4dffb, max_idle_ns: 881590591483 ns
[    0.000000] Zone ranges:
[    0.000000]   DMA      [mem 0x0000000000001000-0x0000000000ffffff]
[    0.000000]   DMA32    [mem 0x0000000001000000-0x000000003ffeffff]
[    0.000000]   Normal   empty
[    0.000000]   Device   empty
[    0.000000] Movable zone start for each node
[    0.000000] Early memory node ranges
[    0.000000]   node   0: [mem 0x0000000000001000-0x000000000009efff]
[    0.000000]   node   0: [mem 0x0000000000100000-0x000000003ffeffff]
[    0.000000] Reserved but unavailable: 114 pages
[    0.000000] Initmem setup node 0 [mem 0x0000000000001000-0x000000003ffeffff]
[    0.000000] ACPI: PM-Timer IO Port: 0x4008
[    0.000000] IOAPIC[0]: apic_id 2, version 32, address 0xfec00000, GSI 0-23
[    0.000000] ACPI: INT_SRC_OVR (bus 0 bus_irq 0 global_irq 2 dfl dfl)
[    0.000000] ACPI: INT_SRC_OVR (bus 0 bus_irq 9 global_irq 9 low level)
[    0.000000] Using ACPI (MADT) for SMP configuration information
[    0.000000] smpboot: Allowing 2 CPUs, 0 hotplug CPUs
[    0.000000] PM: Registered nosave memory: [mem 0x00000000-0x00000fff]
[    0.000000] PM: Registered nosave memory: [mem 0x0009f000-0x0009ffff]
[    0.000000] PM: Registered nosave memory: [mem 0x000a0000-0x000effff]
[    0.000000] PM: Registered nosave memory: [mem 0x000f0000-0x000fffff]
[    0.000000] e820: [mem 0x40000000-0xfebfffff] available for PCI devices
[    0.000000] Booting paravirtualized kernel on KVM
[    0.000000] clocksource: refined-jiffies: mask: 0xffffffff max_cycles: 0xffffffff, max_idle_ns: 7645519600211568 ns
[    0.000000] random: get_random_bytes called from start_kernel+0x99/0x4fd with crng_init=0
[    0.000000] setup_percpu: NR_CPUS:8192 nr_cpumask_bits:2 nr_cpu_ids:2 nr_node_ids:1
[    0.000000] percpu: Embedded 46 pages/cpu @        (ptrval) s151552 r8192 d28672 u1048576
[    0.000000] PV qspinlock hash table entries: 256 (order: 0, 4096 bytes)
[    0.000000] Built 1 zonelists, mobility grouping on.  Total pages: 257913
[    0.000000] Policy zone: DMA32
[    0.000000] Kernel command line: BOOT_IMAGE=/boot/vmlinuz-4.15.0-44-generic root=UUID=af6a9a88-b4b3-447b-9e06-ddef1f1da281 ro console=tty1 console=ttyS0
[    0.000000] Memory: 983072K/1048120K available (12300K kernel code, 2473K rwdata, 4252K rodata, 2408K init, 2416K bss, 65048K reserved, 0K cma-reserved)
[    0.000000] SLUB: HWalign=64, Order=0-3, MinObjects=0, CPUs=2, Nodes=1
[    0.000000] ftrace: allocating 39194 entries in 154 pages
[    0.004000] Hierarchical RCU implementation.
[    0.004000] 	RCU restricting CPUs from NR_CPUS=8192 to nr_cpu_ids=2.
[    0.004000] 	Tasks RCU enabled.
[    0.004000] RCU: Adjusting geometry for rcu_fanout_leaf=16, nr_cpu_ids=2
[    0.004000] NR_IRQS: 524544, nr_irqs: 440, preallocated irqs: 16
[    0.004000] Console: colour VGA+ 80x25
[    0.004000] console [tty1] enabled
[    0.004000] console [ttyS0] enabled
[    0.004000] ACPI: Core revision 20170831
[    0.004000] ACPI: 2 ACPI AML tables successfully acquired and loaded
[    0.004000] APIC: Switch to symmetric I/O mode setup
[    0.004000] x2apic enabled
[    0.004000] Switched APIC routing to physical x2apic.
[    0.004000] ..TIMER: vector=0x30 apic1=0 pin1=2 apic2=-1 pin2=-1
[    0.004000] tsc: Detected 2994.378 MHz processor
[    0.004000] tsc: Marking TSC unstable due to TSCs unsynchronized
[    0.004000] Calibrating delay loop (skipped) preset value.. 5988.75 BogoMIPS (lpj=11977512)
[    0.004000] pid_max: default: 32768 minimum: 301
[    0.004000] Security Framework initialized
[    0.004000] Yama: becoming mindful.
[    0.004000] AppArmor: AppArmor initialized
[    0.004000] Dentry cache hash table entries: 131072 (order: 8, 1048576 bytes)
[    0.004000] Inode-cache hash table entries: 65536 (order: 7, 524288 bytes)
[    0.004000] Mount-cache hash table entries: 2048 (order: 2, 16384 bytes)
[    0.004000] Mountpoint-cache hash table entries: 2048 (order: 2, 16384 bytes)
[    0.004000] mce: CPU supports 0 MCE banks
[    0.004000] Last level iTLB entries: 4KB 512, 2MB 1024, 4MB 512
[    0.004000] Last level dTLB entries: 4KB 1024, 2MB 1024, 4MB 512, 1GB 0
[    0.004000] Spectre V2 : Spectre mitigation: LFENCE not serializing, switching to generic retpoline
[    0.004000] Spectre V2 : Mitigation: Full generic retpoline
[    0.004000] Spectre V2 : Spectre v2 / SpectreRSB mitigation: Filling RSB on context switch
[    0.004013] Speculative Store Bypass: Mitigation: Speculative Store Bypass disabled via prctl and seccomp
[    0.008161] Freeing SMP alternatives memory: 36K
[    0.016000] APIC calibration not consistent with PM-Timer: 104ms instead of 100ms
[    0.016000] APIC delta adjusted to PM-Timer: 6489781 (6750113)
[    0.016088] smpboot: CPU0: AMD A9-9420 RADEON R5, 5 COMPUTE CORES 2C+3G (family: 0x15, model: 0x70, stepping: 0x0)
[    0.024042] Performance Events: PMU not available due to virtualization, using software events only.
[    0.028140] Hierarchical SRCU implementation.
[    0.036872] NMI watchdog: Perf event create on CPU 0 failed with -2
[    0.040012] NMI watchdog: Perf NMI watchdog permanently disabled
[    0.044146] smp: Bringing up secondary CPUs ...
[    0.048223] x86: Booting SMP configuration:
[    0.052015] .... node  #0, CPUs:      #1
[    0.004000] kvm-clock: cpu 1, msr 0:3ff44041, secondary cpu clock
[    0.004000] mce: CPU supports 0 MCE banks
[    0.072635] smp: Brought up 1 node, 2 CPUs
[    0.076025] smpboot: Max logical packages: 1
[    0.077537] smpboot: Total of 2 processors activated (11977.51 BogoMIPS)
[    0.080000] devtmpfs: initialized
[    0.080000] x86/mm: Memory block size: 128MB
[    0.080000] evm: security.selinux
[    0.080015] evm: security.SMACK64
[    0.081138] evm: security.SMACK64EXEC
[    0.082518] evm: security.SMACK64TRANSMUTE
[    0.083972] evm: security.SMACK64MMAP
[    0.084012] evm: security.apparmor
[    0.085220] evm: security.ima
[    0.086463] evm: security.capability
[    0.088249] clocksource: jiffies: mask: 0xffffffff max_cycles: 0xffffffff, max_idle_ns: 7645041785100000 ns
[    0.092146] futex hash table entries: 512 (order: 3, 32768 bytes)
[    0.096177] pinctrl core: initialized pinctrl subsystem
[    0.100189] RTC time:  8:11:19, date: 02/01/19
[    0.104106] NET: Registered protocol family 16
[    0.105809] audit: initializing netlink subsys (disabled)
[    0.108085] audit: type=2000 audit(1549008684.694:1): state=initialized audit_enabled=0 res=1
[    0.112063] cpuidle: using governor ladder
[    0.113668] cpuidle: using governor menu
[    0.116128] ACPI: bus type PCI registered
[    0.117557] acpiphp: ACPI Hot Plug PCI Controller Driver version: 0.5
[    0.120313] PCI: Using configuration type 1 for base access
[    0.124009] PCI: Using configuration type 1 for extended access
[    0.130345] HugeTLB registered 2.00 MiB page size, pre-allocated 0 pages
[    0.137975] ACPI: Added _OSI(Module Device)
[    0.139457] ACPI: Added _OSI(Processor Device)
[    0.140031] ACPI: Added _OSI(3.0 _SCP Extensions)
[    0.141657] ACPI: Added _OSI(Processor Aggregator Device)
[    0.144017] ACPI: Added _OSI(Linux-Dell-Video)
[    0.145612] ACPI: Added _OSI(Linux-Lenovo-NV-HDMI-Audio)
[    0.148017] ACPI: Added _OSI(Linux-HPI-Hybrid-Graphics)
[    0.152598] ACPI: Executed 1 blocks of module-level executable AML code
[    0.159653] ACPI: Interpreter enabled
[    0.176054] ACPI: (supports S0 S5)
[    0.177289] ACPI: Using IOAPIC for interrupt routing
[    0.180403] PCI: Using host bridge windows from ACPI; if necessary, use "pci=nocrs" and report a bug
[    0.186018] ACPI: Enabled 2 GPEs in block 00 to 07
[    0.200291] ACPI: PCI Root Bridge [PCI0] (domain 0000 [bus 00-ff])
[    0.248041] acpi PNP0A03:00: _OSC: OS supports [ExtendedConfig ASPM ClockPM Segments MSI]
[    0.248131] acpi PNP0A03:00: _OSC: OS now controls [PCIeHotplug PME AER PCIeCapability]
[    0.256479] PCI host bridge to bus 0000:00
[    0.260019] pci_bus 0000:00: root bus resource [io  0x0000-0x0cf7 window]
[    0.296020] pci_bus 0000:00: root bus resource [io  0x0d00-0xffff window]
[    0.296020] pci_bus 0000:00: root bus resource [mem 0x000a0000-0x000bffff window]
[    0.296020] pci_bus 0000:00: root bus resource [mem 0x40000000-0xfdffffff window]
[    0.300032] pci_bus 0000:00: root bus resource [bus 00-ff]
[    0.310009] pci 0000:00:01.1: legacy IDE quirk: reg 0x10: [io  0x01f0-0x01f7]
[    0.312020] pci 0000:00:01.1: legacy IDE quirk: reg 0x14: [io  0x03f6]
[    0.316016] pci 0000:00:01.1: legacy IDE quirk: reg 0x18: [io  0x0170-0x0177]
[    0.320018] pci 0000:00:01.1: legacy IDE quirk: reg 0x1c: [io  0x0376]
[    0.384561] pci 0000:00:07.0: quirk: [io  0x4000-0x403f] claimed by PIIX4 ACPI
[    0.388043] pci 0000:00:07.0: quirk: [io  0x4100-0x410f] claimed by PIIX4 SMB
[    0.413100] ACPI: PCI Interrupt Link [LNKA] (IRQs 5 9 10 *11)
[    0.416466] ACPI: PCI Interrupt Link [LNKB] (IRQs 5 9 *10 11)
[    0.444249] ACPI: PCI Interrupt Link [LNKC] (IRQs 5 *9 10 11)
[    0.464204] ACPI: PCI Interrupt Link [LNKD] (IRQs 5 9 10 *11)
[    0.468899] SCSI subsystem initialized
[    0.471143] pci 0000:00:02.0: vgaarb: setting as boot VGA device
[    0.472000] pci 0000:00:02.0: vgaarb: VGA device added: decodes=io+mem,owns=io+mem,locks=none
[    0.476021] pci 0000:00:02.0: vgaarb: bridge control possible
[    0.480014] vgaarb: loaded
[    0.484097] ACPI: bus type USB registered
[    0.485596] usbcore: registered new interface driver usbfs
[    0.488748] usbcore: registered new interface driver hub
[    0.492137] usbcore: registered new device driver usb
[    0.496091] EDAC MC: Ver: 3.0.0
[    0.500320] PCI: Using ACPI for IRQ routing
[    0.504033] NetLabel: Initializing
[    0.505861] NetLabel:  domain hash size = 128
[    0.508010] NetLabel:  protocols = UNLABELED CIPSOv4 CALIPSO
[    0.509900] NetLabel:  unlabeled traffic allowed by default
[    0.512172] clocksource: Switched to clocksource kvm-clock
[    0.533791] VFS: Disk quotas dquot_6.6.0
[    0.537718] VFS: Dquot-cache hash table entries: 512 (order 0, 4096 bytes)
[   0.7718] AppArmor: AppArmor Filesystem Enabled
[    0.537718] pnp: PnP ACPI init
[   0.53718] pnp: PnP ACPI: ound 3 device

[   .7343clcksource: acpi_pm: mask: 0xffffff max_cycles: 0xffffff, max_idle_ns: 2085701024 ns
[   0.7362 NET: Registedprotol family 2

[    1.258311] TCP established hash table entries: 819(order: 4 65536 bes)
[    1.60] T bind hash table entries: 8192 (order: 5, 131072 bytes)
[   .6436] T: Ha tables configured (established 8192 bind 892)
[   1.647567] UDP hash table entries: 512 rder: , 6384 bytes)
[    1.647567] UDLite hah tae enies:12(order: 2, 16384 byte
[   279178] NET: Registeredrooc famy 1    2.48286] pci 0000:00:00.0: Limiting direct PCI/PCI transfers
[    2.482866] pci 0000:00:01.0: Activating ISA DMA hang workarounds
[   2.8266 pci000:00:02.: Video device with shadowed ROM at [mem 0x000c0000-0x000dffff]
[   2.2866] Unpacking initramfs...

[    3.564243] Freeing initrd memory: 19512K
[    3.581685] clocksource: tsc: mask: 0xffffffffffffffff max_cycles: 0x2b2986a21ef, max_idle_ns: 440795289726 ns
[    3.584902] platform rtc_cmos: registered platform RTC device (no PNP device found)
[    3.584926] Scanning for low memory corruption every 60 seconds
[    3.585706] Initialise system trusted keyrings
[    3.585736] Key type blacklist registered
[    3.585828] workingset: timestamp_bits=36 max_order=18 bucket_order=0
[    3.587429] zbud: loaded
[    3.588226] squashfs: version 4.0 (2009/01/31) Phillip Lougher
[    3.588478] fuse init (API version 7.26)
[    3.604925] Key type asymmetric registered
[    3.626358] Asymmetric key parser 'x509' registered
[    3.628800] Block layer SCSI generic (bsg) driver version 0.4 loaded (major 246)
[    3.632110] io scheduler noop registered
[    3.634331] io scheduler deadline registered
[    3.636000] io scheduler cfq registered (default)
[    3.639660] ACPI: AC Adapter [AC] (on-line)
[    3.641611] input: Power Button as /devices/LNXSYSTM:00/LNXPWRBN:00/input/input0
[    3.644458] ACPI: Power Button [PWRF]
[    3.647180] input: Sleep Button as /devices/LNXSYSTM:00/LNXSLPBN:00/input/input1
[    3.650099] ACPI: Sleep Button [SLPF]
[    3.652966] Serial: 8250/16550 driver, 32 ports, IRQ sharing enabled
[    3.653802] ACPI: Battery Slot [BAT0] (battery present)
[    3.695805] 00:02: ttyS0 at I/O 0x3f8 (irq = 4, base_baud = 115200) is a 16550A
[    3.742997] Linux agpgart interface v0.103
[    3.798191] loop: module loaded
[    3.820163] scsi host0: ata_piix
[    3.8205] si ht1: ata_piix
[    4.091471] ata1: PATA max UDMA/33 cmd 0x1f0 ctl 0x3f6 bmdma 0xd000 irq 14
[    4.094577] ata2: PATA max UDMA/33 cmd 0x170 ctl 0x376 bmdma 0xd008 irq 15
[    4.097783] libphy: Fixed MDIO Bus: probed
[    4.099789] tun: Universal TUN/TAP device driver, 1.6
[    4.102285] PPP generic driver version 2.4.2
[    4.104274] ehci_hcd: USB 2.0 'Enhanced' Host Controller (EHCI) Driver
[    4.106906] ehci-pci: EHCI PCI platform driver
[    4.108825] ehci-platform: EHCI generic platform driver
[    4.110948] ohci_hcd: USB 1.1 'Open' Host Controller (OHCI) Driver
[    4.113416] ohci-pci: OHCI PCI platform driver
[    4.115175] ohci-platform: OHCI generic platform driver
[    4.117250] uhci_hcd: USB Universal Host Controller Interface driver
[    4.119821] i8042: PNP: PS/2 Controller [PNP0303:PS2K,PNP0f03:PS2M] at 0x60,0x64 irq 1,12
[    4.123616] serio: i8042 KBD port at 0x60,0x64 irq 1
[    4.125734] serio: i8042 AUX port at 0x60,0x64 irq 12
[    4.127991] mousedev: PS/2 mouse device common for all mice
[    4.131167] input: AT Translated Set 2 keyboard as /devices/platform/i8042/serio0/input/input2
[    4.132298] rtc_cmos rtc_cmos: rtc core: registered rtc_cmos as rtc0
[    4.132390] rtc_cmos rtc_cmos: alarms up to one day, 114 bytes nvram
[    4.132409] i2c /dev entries driver
[    4.132419] pcie_mp2_amd: AMD(R) PCI-E MP2 Communication Driver Version: 1.0
[    4.132545] device-mapper: uevent: version 1.0.3
[    4.132642] device-mapper: ioctl: 4.37.0-ioctl (2017-09-20) initialised: dm-devel@redhat.com
[    4.146851] ledtrig-cpu: registered to indicate activity on CPUs
[    4.169013] NET: Registered protocol family 10
[    4.177384] Segment Routing with IPv6
[    4.180082] NET: Registered protocol family 17
[    4.182667] Key type dns_resolver registered
[    4.185124] RAS: Correctable Errors collector initialized.
[    4.187222] sched_clock: Marking stable (4184809670, 0)->(4852056137, -667246467)
[    4.191608] registered taskstats version 1
[    4.201236] Loading compiled-in X.509 certificates
[    4.209045] Loaded X.509 cert 'Build time autogenerated kernel key: 44785017907f65ffbd40799818b152558f64ce1c'
[    4.236874] zswap: loaded using pool lzo/zbud
[    4.246057] Key type big_key registered
[    4.260855] Key type trusted registered
[    4.268918] Key type encrypted registered
[    4.285962] AppArmor: AppArmor sha1 policy hashing enabled
[    4.288468] ima: No TPM chip found, activating TPM-bypass! (rc=-19)
[    4.291238] ima: Allocated hash algorithm: sha1
[    4.293395] evm: HMAC attrs: 0x1
[    4.295200]   Magic number: 7:511:168
[    4.297263] rtc_cmos rtc_cmos: setting system clock to 2019-02-01 08:11:23 UTC (1549008683)
[    4.301274] BIOS EDD facility v0.16 2004-Jun-25, 0 devices found
[    4.303905] EDD information not available.
[    4.310294] Freeing unused kernel memory: 2408K
[    4.356586] Write protecting the kernel read-only data: 20480k
[    4.378143] Freeing unused kernel memory: 2008K
[    4.401300] Freeing unused kernel memory: 1892K
[    4.412359] x86/mm: Checked W+X mappings: passed, no W+X pages found.
Loading, please wait...
starting version 237
[    4.534954] Fusion MPT base driver 3.04.20
[    4.544506] Copyright (c) 1999-2008 LSI Corporation
[    4.556962] e1000: Intel(R) PRO/1000 Network Driver - version 7.3.21-k8-NAPI
[    4.569324] e1000: Copyright (c) 1999-2006 Intel Corporation.
[    4.620116] AVX2 version of gcm_enc/dec engaged.
[    4.638717] AES CTR mode by8 optimization enabled
[    4.652484] Fusion MPT SPI Host driver 3.04.20
[    4.787799] input: ImExPS/2 Generic Explorer Mouse as /devices/platform/i8042/serio1/input/input4
[    5.004410] e1000 0000:00:03.0 eth0: (PCI:33MHz:32-bit) 02:3c:7c:50:53:2f
[    5.074414] e1000 0000:00:03.0 eth0: Intel(R) PRO/1000 Network Connection
[    5.080745] mptbase: ioc0: Initiating bringup
[    5.089358] e1000 0000:00:03.0 enp0s3: renamed from eth0
[    5.177055] ioc0: LSI53C1030 A0: Capabilities={Initiator}
[    5.427874] scsi host2: ioc0: LSI53C1030 A0, FwRev=00000000h, Ports=1, MaxQ=256, IRQ=20
[    5.905696] scsi 2:0:0:0: Direct-Access     VBOX     HARDDISK         1.0  PQ: 0 ANSI: 5
[    5.944247] scsi target2:0:0: Beginning Domain Validation
[    5.956584] scsi target2:0:0: Domain Validation skipping write tests
[    5.958852] scsi target2:0:0: Ending Domain Validation
[    5.960754] scsi target2:0:0: asynchronous
[    5.962853] scsi 2:0:1:0: Direct-Access     VBOX     HARDDISK         1.0  PQ: 0 ANSI: 5
[    6.448224] scsi target2:0:1: Beginning Domain Validation
[    6.471242] random: fast init done
[    6.473649] scsi target2:0:1: Domain Validation skipping write tests
[    6.473651] scsi target2:0:1: Ending Domain Validation
[    6.484628] scsi target2:0:1: asynchronous
[    6.491369] random: systemd-udevd: uninitialized urandom read (16 bytes read)
[    6.491499] sd 2:0:0:0: Attached scsi generic sg0 type 0
[    6.491724] sd 2:0:1:0: Attached scsi generic sg1 type 0
[    6.501199] random: systemd-udevd: uninitialized urandom read (16 bytes read)
[    6.504667] random: systemd-udevd: uninitialized urandom read (16 bytes read)
[    6.508313] sd 2:0:1:0: [sdb] 20480 512-byte logical blocks: (10.5 MB/10.0 MiB)
[    6.512011] sd 2:0:1:0: [sdb] Write Protect is off
[    6.512082] sd 2:0:0:0: [sda] 20971520 512-byte logical blocks: (10.7 GB/10.0 GiB)
[    6.514387] sd 2:0:0:0: [sda] Write Protect is off
[    6.518186] sd 2:0:0:0: [sda] Incomplete mode parameter data
[    6.518189] sd 2:0:0:0: [sda] Assuming drive cache: write through
[    6.528660] sd 2:0:1:0: [sdb] Incomplete mode parameter data
[    6.537917] sd 2:0:1:0: [sdb] Assuming drive cache: write through
[    6.538621]  sda: sda1
[    6.539903] sd 2:0:0:0: [sda] Attached SCSI disk
[    6.587903] sd 2:0:1:0: [sdb] Attached SCSI disk
Begin: Loading essential drivers ... [    8.268254] raid6: sse2x1   gen()  6715 MB/s
[    8.321809] raid6: sse2x1   xor()  5084 MB/s
[    8.368275] raid6: sse2x2   gen()  6251 MB/s
[    8.416283] raid6: sse2x2   xor()  5677 MB/s
[    8.464455] raid6: sse2x4   gen()  2258 MB/s
[    8.512219] raid6: sse2x4   xor()  3464 MB/s
[    8.592200] raid6: avx2x1   gen()  7515 MB/s
[    8.652203] raid6: avx2x1   xor()  6333 MB/s
[    8.732272] raid6: avx2x2   gen()  9158 MB/s
[    8.816214] raid6: avx2x2   xor()  7538 MB/s
[    8.868686] raid6: avx2x4   gen()  2794 MB/s
[    8.948225] raid6: avx2x4   xor()  4418 MB/s
[    8.950302] raid6: using algorithm avx2x2 gen() 9158 MB/s
[    8.986993] raid6: .... xor() 7538 MB/s, rmw enabled
[    9.002285] raid6: using avx2x2 recovery algorithm
[    9.013993] xor: automatically using best checksumming function   avx       
[    9.029242] async_tx: api initialized (async)
done.
Begin: Running /scripts/init-premount ... done.
Begin: Mounting root file system ... Begin: Running /scripts/local-top ... done.
Begin: Running /scripts/local-premount ..[    9.172040] Btrfs loaded, crc32c=crc32c-intel
. Scanning for Btrfs filesystems
done.
Warning: fsck not present, so skipping root file system
[    9.345423] EXT4-fs (sda1): mounted filesystem with ordered data mode. Opts: (null)
done.
Begin: Running /scripts/local-bottom ... done.
Begin: Running /scripts/init-bottom ... done.
[   10.762672] ip_tables: (C) 2000-2006 Netfilter Core Team
[   10.859839] systemd[1]: systemd 237 running in system mode. (+PAM +AUDIT +SELINUX +IMA +APPARMOR +SMACK +SYSVINIT +UTMP +LIBCRYPTSETUP +GCRYPT +GNUTLS +ACL +XZ +LZ4 +SECCOMP +BLKID +ELFUTILS +KMOD -IDN2 +IDN -PCRE2 default-hierarchy=hybrid)
[   10.875691] systemd[1]: Detected virtualization oracle.
[   10.878031] systemd[1]: Detected architecture x86-64.

Welcome to [1mUbuntu 18.04.1 LTS[0m!

[   10.929457] systemd[1]: Set hostname to <ubuntu-bionic>.
[   11.700709] random: crng init done
[   11.711166] random: 7 urandom warning(s) missed due to ratelimiting
[   12.510809] systemd[1]: Reached target Swap.
[[0;32m  OK  [0m] Reached target Swap.
[   12.576869] systemd[1]: Created slice System Slice.
[[0;32m  OK  [0m] Created slice System Slice.
[   12.625140] systemd[1]: Listening on Journal Socket.
[[0;32m  OK  [0m] Listening on Journal Socket.
[   12.662834] systemd[1]: Starting Uncomplicated firewall...
         Starting Uncomplicated firewall...
[   12.726077] systemd[1]: Starting Remount Root and Kernel File Systems...
         Starting Remount Root and Kernel File Systems...
[   12.733642] systemd[1]: Listening on Syslog Socket.
[[0;32m  OK  [0m] Listening on Syslog Socket.
[[0;32m  OK  [0m] Listening on udev Kernel Socket.
         Starting Load Kernel Modules...
         Starting Set the console keyboard layout...
[[0;32m  OK  [0m] Created slice system-serial\x2dgetty.slice.
         Mounting Kernel Debug File System...
[[0;32m  OK  [0m] Listening on Device-mapper event daemon FIFOs.
[[0;32m  OK  [0m] Reached target System Time Synchronized.
         Mounting Huge Pages File System...
[[0;32m  OK  [0m] Listening on LVM2 poll daemon socket.
         Mounting POSIX Message Queue File System...
[[0;32m  OK  [0m] Created slice User and Session Slice.
[[0;32m  OK  [0m] Reached target Slices.
[[0;32m  OK  [0m] Listening on Journal Socket (/dev/log).
[[0;32m  OK  [0m] Listening on LVM2 metadata daemon socket.
         Starting Monitoring of LVM2 mirrors…ng dmeventd or progress polling...
         Starting Create list of required st…ce nodes for the current kernel...
[[0;32m  OK  [0m] Started Forward Password Requests to Wall Directory Watch.
[[0;32m  OK  [0m] Listening on Journal Audit Socket.
[   12.938614] Loading iSCSI transport class v2.0-870.
         Starting Journal Service...
[[0;32m  OK  [0m] Set up automount Arbitrary Executab…rmats File System Automount Point.
[[0;32m  OK  [0m] Listening on Network Service Netlink Socket.
[[0;32m  OK  [0m] Listening on /dev/initctl Compatibility Named Pipe.
[[0;32m  OK  [0m] Reached target User and Group Name Lookups.
[[0;32m  OK  [0m] Listening on udev Control Socket.
         Starting udev Coldplug all Devices...
[[0;32m  OK  [0m] Started Uncomplicated firewall.
[[0;32m  OK  [0m] Started Create list of required sta…vice nodes for the current kernel.
         Starting Create Static Device Nodes in /dev...
[   13.219786] iscsi: registered transport (tcp)
[[0;32m  OK  [0m] Started udev Coldplug all Devices.
[[0;32m  OK  [0m] Started Journal Service.
[[0;32m  OK  [0m] Started Create Static Device Nodes in /dev.
[   13.694702] iscsi: registered transport (iser)
[[0;32m  OK  [[   13.752743] EXT4-fs (sda1): re-mounted. Opts: (null)
0m] Started Load Kernel Modules.
[[0;32m  OK  [0m] Started Remount Root and Kernel File Systems.
[[0;32m  OK  [0m] Mounted Kernel Debug File System.
[[0;32m  OK  [0m] Mounted Huge Pages File System.
[[0;32m  OK  [0m] Mounted POSIX Message Queue File System.
[[0;32m  OK  [0m] Started LVM2 metadata daemon.
         Starting Initial cloud-init job (pre-networking)...
         Starting Flush Journal to Persistent Storage...
         Starting Load/Save Random Seed...
         Starting udev Kernel Device Manager...
         Mounting FUSE Control File System...
         Mounting Kernel Configuration File System...
         Starting Apply Kernel Variables...
[[0;32m  OK  [0m] Started Set the console keyboard layout.
[[0;32m  OK  [0m] Mounted Kernel Configuration File System.
[[0;32m  OK  [0m] Mounted FUSE Control File System.
[   14.134820] systemd-journald[400]: Received request to flush runtime journal from PID 1
[[0;32m  OK  [0m] Started Load/Save Random Seed.
[[0;32m  OK  [0m] Started Monitoring of LVM2 mirrors,…sing dmeventd or progress polling.
[[0;32m  OK  [0m] Reached target Local File Systems (Pre).
[[0;32m  OK  [0m] Reached target Local File Systems.
         Starting ebtables ruleset management...
         Starting Set console font and keymap...
         Starting Tell Plymouth To Write Out Runtime Data...
         Starting AppArmor initialization...
[[0;32m  OK  [0m] Started Apply Kernel Variables.
[[0;32m  OK  [0m] Started Set console font and keymap.
[[0;32m  OK  [0m] Started Tell Plymouth To Write Out Runtime Data.
[[0;32m  OK  [0m] Started udev Kernel Device Manager.
[[0;32m  OK  [0m] Started Dispatch Password Requests to Console Directory Watch.
[[0;32m  OK  [0m] Reached target Local Encrypted Volumes.
[[0;32m  OK  [0m] Found device /dev/ttyS0.
[[0;32m  OK  [0m] Started ebtables ruleset management.
[[0;32m  OK  [0m] Listening on Load/Save RF Kill Switch Status /dev/rfkill Watch.
[[0;32m  OK  [0m] Started Flush Journal to Persistent Storage.
         Starting Create Volatile Files and Directories...
[[0;32m  OK  [0m] Started Create Volatile Files and Directories.
         Starting Update UTMP about System Boot/Shutdown...
[[0;32m  OK  [0m] Started AppArmor initialization.
[[0;32m  OK  [0m] Started Update UTMP about System Boot/Shutdown.
[   23.692739] cloud-init[416]: Cloud-init v. 18.4-0ubuntu1~18.04.1 running 'init-local' at Fri, 01 Feb 2019 08:11:42 +0000. Up 23.09 seconds.
[[0;32m  OK  [0m] Started Initial cloud-init job (pre-networking).
[[0;32m  OK  [0m] Reached target Network (Pre).
         Starting Network Service...
[[0;32m  OK  [0m] Started Network Service.
         Starting Wait for Network to be Configured...
         Starting Network Name Resolution...
[[0;32m  OK  [0m] Started Network Name Resolution.
[[0;32m  OK  [0m] Reached target Host and Network Name Lookups.
[[0;32m  OK  [0m] Reached target Network.
[[0;32m  OK  [0m] Started Wait for Network to be Configured.
         Starting Initial cloud-init job (metadata service crawler)...
[   26.743621] cloud-init[650]: Cloud-init v. 18.4-0ubuntu1~18.04.1 running 'init' at Fri, 01 Feb 2019 08:11:45 +0000. Up 26.45 seconds.
[   26.773840] cloud-init[650]: ci-info: ++++++++++++++++++++++++++++++++++++++Net device info++++++++++++++++++++++++++++++++++++++
[   26.821936] cloud-init[650]: ci-info: +--------+------+----------------------------+---------------+--------+-------------------+
[   26.896829] cloud-init[650]: ci-info: | Device |  Up  |          Address           |      Mask     | Scope  |     Hw-Address    |
[   26.950267] cloud-init[650]: ci-info: +--------+------+----------------------------+---------------+--------+-------------------+
[   26.977722] cloud-init[650]: ci-info: | enp0s3 | True |         10.0.2.15          | 255.255.255.0 | global | 02:3c:7c:50:53:2f |
[   26.998846] cloud-init[650]: ci-info: | enp0s3 | True | fe80::3c:7cff:fe50:532f/64 |       .       |  link  | 02:3c:7c:50:53:2f |
[   27.049551] cloud-init[650]: ci-info: |   lo   | True |         127.0.0.1          |   255.0.0.0   |  host  |         .         |
[   27.085441] cloud-init[650]: ci-info: |   lo   | True |          ::1/128           |       .       |  host  |         .         |
[   27.105776] cloud-init[650]: ci-info: +--------+------+----------------------------+---------------+--------+-------------------+
[   27.127621] cloud-init[650]: ci-info: ++++++++++++++++++++++++++++Route IPv4 info+++++++++++++++++++++++++++++
[   27.143073] cloud-init[650]: ci-info: +-------+-------------+----------+-----------------+-----------+-------+
[   27.164458] cloud-init[650]: ci-info: | Route | Destination | Gateway  |     Genmask     | Interface | Flags |
[   27.196979] cloud-init[650]: ci-info: +-------+-------------+----------+-----------------+-----------+-------+
[   27.232165] cloud-init[650]: ci-info: |   0   |   0.0.0.0   | 10.0.2.2 |     0.0.0.0     |   enp0s3  |   UG  |
[   27.267744] cloud-init[650]: ci-info: |   1   |   10.0.2.0  | 0.0.0.0  |  255.255.255.0  |   enp0s3  |   U   |
[   27.298935] cloud-init[650]: ci-info: |   2   |   10.0.2.2  | 0.0.0.0  | 255.255.255.255 |   enp0s3  |   UH  |
[   27.429327] cloud-init[650]: ci-info: +-------+-------------+----------+-----------------+-----------+-------+
[   27.483685] cloud-init[650]: ci-info: +++++++++++++++++++Route IPv6 info+++++++++++++++++++
[   27.489421] cloud-init[650]: ci-info: +-------+-------------+---------+-----------+-------+
[   27.494654] cloud-init[650]: ci-info: | Route | Destination | Gateway | Interface | Flags |
[   27.499348] cloud-init[650]: ci-info: +-------+-------------+---------+-----------+-------+
[   27.505042] cloud-init[650]: ci-info: |   1   |  fe80::/64  |    ::   |   enp0s3  |   U   |
[   27.510716] cloud-init[650]: ci-info: |   3   |    local    |    ::   |   enp0s3  |   U   |
[   27.515226] cloud-init[650]: ci-info: |   4   |   ff00::/8  |    ::   |   enp0s3  |   U   |
[   27.519834] cloud-init[650]: ci-info: +-------+-------------+---------+-----------+-------+
[[0;32m  OK  [0m] Started Initial cloud-init job (metadata service crawler).
[[0;32m  OK  [0m] Reached target System Initialization.
[[0;32m  OK  [0m] Listening on Open-iSCSI iscsid Socket.
[[0;32m  OK  [0m] Listening on D-Bus System Message Bus Socket.
[[0;32m  OK  [0m] Started Discard unused blocks once a week.
[[0;32m  OK  [0m] Started ACPI Events Check.
[[0;32m  OK  [0m] Reached target Paths.
         Starting LXD - unix socket.
         Starting Socket activation for snappy daemon.
[[0;32m  OK  [0m] Started Daily Cleanup of Temporary Directories.
[[0;32m  OK  [0m] Listening on UUID daemon activation socket.
[[0;32m  OK  [0m] Started Clean PHP session files every 30 mins.
[[0;32m  OK  [0m] Listening on ACPID Listen Socket.
[[0;32m  OK  [0m] Started Daily apt download activities.
[[0;32m  OK  [0m] Started Daily apt upgrade and clean activities.
[[0;32m  OK  [0m] Started Message of the Day.
[[0;32m  OK  [0m] Reached target Timers.
[[0;32m  OK  [0m] Reached target Cloud-config availability.
[[0;32m  OK  [0m] Reached target Network is Online.
         Starting Availability of block devices...
[[0;32m  OK  [0m] Reached target Remote File Systems (Pre).
[[0;32m  OK  [0m] Reached target Remote File Systems.
[[0;32m  OK  [0m] Listening on LXD - unix socket.
[[0;32m  OK  [0m] Listening on Socket activation for snappy daemon.
[[0;32m  OK  [0m] Started Availability of block devices.
[[0;32m  OK  [0m] Reached target Sockets.
[[0;32m  OK  [0m] Reached target Basic System.
         Starting System Logging Service...
         Starting Permit User Sessions...
[[0;32m  OK  [0m] Started FUSE filesystem for LXC.
         Starting LXD - container startup/shutdown...
         Starting MariaDB 10.3.12 database server...
[[0;32m  OK  [0m] Started Deferred execution scheduler.
[[0;32m  OK  [0m] Started D-Bus System Message Bus.
         Starting LSB: automatic crash report generation...
         Starting OpenBSD Secure Shell server...
         Starting Login Service...
         Starting Clean php session files...
         Starting Snappy daemon...
         Starting The Apache HTTP Server...
[[0;32m  OK  [0m] Started irqbalance daemon.
         Starting LSB: Record successful boot for GRUB...
         Starting Dispatcher daemon for systemd-networkd...
[[0;32m  OK  [0m] Started Regular background program processing daemon.
         Starting Virtualbox guest utils...
         Starting Accounts Service...
[[0;32m  OK  [0m] Started System Logging Service.
[[0;32m  OK  [0m] Started Permit User Sessions.
[[0;32m  OK  [0m] Started Login Service.
[[0;32m  OK  [0m] Started Unattended Upgrades Shutdown.
         Starting Terminate Plymouth Boot Screen...
         Starting Hold until boot process finishes up...
[[0;32m  OK  [0m] Started Terminate Plymouth Boot Screen.
[[0;32m  OK  [0m] Started Hold until boot process finishes up.
         Starting Set console scheme...
[[0;32m  OK  [0m] Started Serial Getty on ttyS0.
[[0;32m  OK  [0m] Started LSB: automatic crash report generation.
[[0;32m  OK  [0m] Started Set console scheme.
[[0;32m  OK  [0m] Created slice system-getty.slice.
[[0;32m  OK  [0m] Started Getty on tty1.
[[0;32m  OK  [0m] Reached target Login Prompts.
[[0;32m  OK  [0m] Started OpenBSD Secure Shell server.
[[0;32m  OK  [0m] Started LSB: Record successful boot for GRUB.
[[0;32m  OK  [0m] Started LXD - container startup/shutdown.
         Starting Authorization Manager...
[[0;32m  OK  [0m] Started Snappy daemon.
[[0;32m  OK  [0m] Started Virtualbox guest utils.
         Starting Wait until snapd is fully seeded...
[[0;32m  OK  [0m] Started Wait until snapd is fully seeded.
         Starting Apply the settings specified in cloud-config...
[[0;32m  OK  [0m] Started Dispatcher daemon for systemd-networkd.
[[0;32m  OK  [0m] Created slice User Slice of vagrant.
[[0;32m  OK  [0m] Started Authorization Manager.
[[0;32m  OK  [0m] Started Accounts Service.
[[0;32m  OK  [0m] Started Session 1 of user vagrant.
         Starting User Manager for UID 1000...
[   37.987663] cloud-init[1209]: Cloud-init v. 18.4-0ubuntu1~18.04.1 running 'modules:config' at Fri, 01 Feb 2019 08:11:56 +0000. Up 37.34 seconds.

Ubuntu 18.04.1 LTS ubuntu-bionic ttyS0

ubuntu-bionic login: [   47.789794] cloud-init[1415]: Cloud-init v. 18.4-0ubuntu1~18.04.1 running 'modules:final' at Fri, 01 Feb 2019 08:12:04 +0000. Up 45.38 seconds.
[   47.796788] cloud-init[1415]: Cloud-init v. 18.4-0ubuntu1~18.04.1 finished at Fri, 01 Feb 2019 08:12:06 +0000. Datasource DataSourceNoCloud [seed=/dev/sdb][dsmode=net].  Up 47.76 seconds
